#
# There is insufficient memory for the Java Runtime Environment to continue.
# Native memory allocation (malloc) failed to allocate 32744 bytes for ChunkPool::allocate
# Possible reasons:
#   The system is out of physical RAM or swap space
#   The process is running with CompressedOops enabled, and the Java Heap may be blocking the growth of the native heap
# Possible solutions:
#   Reduce memory load on the system
#   Increase physical memory or swap space
#   Check if swap backing store is full
#   Decrease Java heap size (-Xmx/-Xms)
#   Decrease number of Java threads
#   Decrease Java thread stack sizes (-Xss)
#   Set larger code cache with -XX:ReservedCodeCacheSize=
#   JVM is running with Unscaled Compressed Oops mode in which the Java heap is
#     placed in the first 4GB address space. The Java Heap base address is the
#     maximum limit for the native heap growth. Please use -XX:HeapBaseMinAddress
#     to set the Java Heap base and to place the Java Heap above 4GB virtual address.
# This output file may be truncated or incomplete.
#
#  Out of Memory Error (arena.cpp:79), pid=12512, tid=17344
#
# JRE version: Java(TM) SE Runtime Environment (16.0.1+9) (build 16.0.1+9-24)
# Java VM: Java HotSpot(TM) 64-Bit Server VM (16.0.1+9-24, mixed mode, sharing, tiered, compressed oops, compressed class ptrs, parallel gc, windows-amd64)
# No core dump will be written. Minidumps are not enabled by default on client versions of Windows
#

---------------  S U M M A R Y ------------

Command Line: --add-modules=ALL-SYSTEM --add-opens=java.base/java.util=ALL-UNNAMED --add-opens=java.base/java.lang=ALL-UNNAMED -Declipse.application=org.eclipse.jdt.ls.core.id1 -Dosgi.bundles.defaultStartLevel=4 -Declipse.product=org.eclipse.jdt.ls.core.product -Dfile.encoding=utf8 -DwatchParentProcess=false -XX:+UseParallelGC -XX:GCTimeRatio=4 -XX:AdaptiveSizePolicyWeight=90 -Dsun.zip.disableMemoryMapping=true -Xmx1G -Xms100m c:\Users\vmpar\.vscode\extensions\redhat.java-0.82.0\server\plugins\org.eclipse.equinox.launcher_1.6.300.v20210813-1054.jar -configuration c:\Users\vmpar\AppData\Roaming\Code\User\globalStorage\redhat.java\0.82.0\config_win -data c:\Users\vmpar\AppData\Roaming\Code\User\workspaceStorage\f91ab67ca1074442cb113416d73d0c17\redhat.java\jdt_ws

Host: Intel(R) Core(TM) i5-8265U CPU @ 1.60GHz, 8 cores, 7G,  Windows 10 , 64 bit Build 22000 (10.0.22000.318)
Time: Sun Jan  2 15:21:29 2022 India Standard Time elapsed time: 0.374452 seconds (0d 0h 0m 0s)

---------------  T H R E A D  ---------------

Current thread (0x00000165fae31120):  JavaThread "C1 CompilerThread0" daemon [_thread_in_native, id=17344, stack(0x0000001d93800000,0x0000001d93900000)]


Current CompileTask:
C1:    374  180       3       jdk.internal.org.objectweb.asm.ByteVector::putUTF8 (144 bytes)

Stack: [0x0000001d93800000,0x0000001d93900000]
Native frames: (J=compiled Java code, j=interpreted, Vv=VM code, C=native code)
V  [jvm.dll+0x6687ca]
V  [jvm.dll+0x7ca3c9]
V  [jvm.dll+0x7cbb53]
V  [jvm.dll+0x7cc1b3]
V  [jvm.dll+0x242ea5]
V  [jvm.dll+0xae25f]
V  [jvm.dll+0xae5ac]
V  [jvm.dll+0x13657a]
V  [jvm.dll+0x14a1f2]
V  [jvm.dll+0x14910c]
V  [jvm.dll+0x1328d4]
V  [jvm.dll+0x132b80]
V  [jvm.dll+0x132e49]
V  [jvm.dll+0x1322af]
V  [jvm.dll+0x134071]
V  [jvm.dll+0x2253a8]
V  [jvm.dll+0x2233ec]
V  [jvm.dll+0x780002]
V  [jvm.dll+0x779b4a]
V  [jvm.dll+0x667666]
C  [ucrtbase.dll+0x26c0c]
C  [KERNEL32.DLL+0x154e0]
C  [ntdll.dll+0x485b]


---------------  P R O C E S S  ---------------

Threads class SMR info:
_java_thread_list=0x00000165fd906290, length=12, elements={
0x00000165f14e0e60, 0x00000165fae0e350, 0x00000165fae11330, 0x00000165fae1f490,
0x00000165fae20150, 0x00000165fae21b60, 0x00000165fae22560, 0x00000165fae28b40,
0x00000165fae31120, 0x00000165fae35030, 0x00000165fd5bed20, 0x00000165fd6263b0
}

Java Threads: ( => current thread )
  0x00000165f14e0e60 JavaThread "main" [_thread_in_vm, id=7304, stack(0x0000001d92e00000,0x0000001d92f00000)]
  0x00000165fae0e350 JavaThread "Reference Handler" daemon [_thread_blocked, id=16092, stack(0x0000001d93100000,0x0000001d93200000)]
  0x00000165fae11330 JavaThread "Finalizer" daemon [_thread_blocked, id=22344, stack(0x0000001d93200000,0x0000001d93300000)]
  0x00000165fae1f490 JavaThread "Signal Dispatcher" daemon [_thread_blocked, id=18452, stack(0x0000001d93300000,0x0000001d93400000)]
  0x00000165fae20150 JavaThread "Attach Listener" daemon [_thread_blocked, id=3156, stack(0x0000001d93400000,0x0000001d93500000)]
  0x00000165fae21b60 JavaThread "Service Thread" daemon [_thread_blocked, id=15776, stack(0x0000001d93500000,0x0000001d93600000)]
  0x00000165fae22560 JavaThread "Monitor Deflation Thread" daemon [_thread_blocked, id=5328, stack(0x0000001d93600000,0x0000001d93700000)]
  0x00000165fae28b40 JavaThread "C2 CompilerThread0" daemon [_thread_blocked, id=14192, stack(0x0000001d93700000,0x0000001d93800000)]
=>0x00000165fae31120 JavaThread "C1 CompilerThread0" daemon [_thread_in_native, id=17344, stack(0x0000001d93800000,0x0000001d93900000)]
  0x00000165fae35030 JavaThread "Sweeper thread" daemon [_thread_blocked, id=18176, stack(0x0000001d93900000,0x0000001d93a00000)]
  0x00000165fd5bed20 JavaThread "Common-Cleaner" daemon [_thread_blocked, id=19828, stack(0x0000001d93a00000,0x0000001d93b00000)]
  0x00000165fd6263b0 JavaThread "Notification Thread" daemon [_thread_blocked, id=2552, stack(0x0000001d93b00000,0x0000001d93c00000)]

Other Threads:
  0x00000165f15be840 VMThread "VM Thread" [stack: 0x0000001d93000000,0x0000001d93100000] [id=11136]
  0x00000165fd626a70 WatcherThread [stack: 0x0000001d93c00000,0x0000001d93d00000] [id=12688]
  0x00000165f14fade0 GCTaskThread "GC Thread#0" [stack: 0x0000001d92f00000,0x0000001d93000000] [id=6148]

Threads with active compile tasks:
C1 CompilerThread0      455  180       3       jdk.internal.org.objectweb.asm.ByteVector::putUTF8 (144 bytes)

VM state: not at safepoint (normal execution)

VM Mutex/Monitor currently owned by a thread: None

Heap address: 0x00000000c0000000, size: 1024 MB, Compressed Oops mode: 32-bit

CDS archive(s) mapped at: [0x0000000800000000-0x0000000800bb0000-0x0000000800bb0000), size 12255232, SharedBaseAddress: 0x0000000800000000, ArchiveRelocationMode: 0.
Compressed class space mapped at: 0x0000000800c00000-0x0000000840c00000, reserved size: 1073741824
Narrow klass base: 0x0000000800000000, Narrow klass shift: 3, Narrow klass range: 0x100000000

GC Precious Log:
 CPUs: 8 total, 8 available
 Memory: 8043M
 Large Page Support: Disabled
 NUMA Support: Disabled
 Compressed Oops: Enabled (32-bit)
 Alignments: Space 512K, Generation 512K, Heap 2M
 Heap Min Capacity: 100M
 Heap Initial Capacity: 100M
 Heap Max Capacity: 1G
 Pre-touch: Disabled
 Parallel Workers: 8

Heap:
 PSYoungGen      total 29696K, used 2560K [0x00000000eab00000, 0x00000000ecc00000, 0x0000000100000000)
  eden space 25600K, 10% used [0x00000000eab00000,0x00000000ead80260,0x00000000ec400000)
  from space 4096K, 0% used [0x00000000ec800000,0x00000000ec800000,0x00000000ecc00000)
  to   space 4096K, 0% used [0x00000000ec400000,0x00000000ec400000,0x00000000ec800000)
 ParOldGen       total 68608K, used 0K [0x00000000c0000000, 0x00000000c4300000, 0x00000000eab00000)
  object space 68608K, 0% used [0x00000000c0000000,0x00000000c0000000,0x00000000c4300000)
 Metaspace       used 588K, committed 768K, reserved 1056768K
  class space    used 36K, committed 128K, reserved 1048576K

Card table byte_map: [0x00000165f0ea0000,0x00000165f10b0000] _byte_map_base: 0x00000165f08a0000

Marking Bits: (ParMarkBitMap*) 0x00007ff9c36c0b20
 Begin Bits: [0x00000165f8c60000, 0x00000165f9c60000)
 End Bits:   [0x00000165f9c60000, 0x00000165fac60000)

Polling page: 0x00000165ef420000

Metaspace:

Usage:
  Non-class:    566.25 KB used.
      Class:     36.94 KB used.
       Both:    603.19 KB used.

Virtual space:
  Non-class space:        8.00 MB reserved,     640.00 KB (  8%) committed,  1 nodes.
      Class space:        1.00 GB reserved,     128.00 KB ( <1%) committed,  1 nodes.
              Both:        1.01 GB reserved,     768.00 KB ( <1%) committed. 

Chunk freelists:
   Non-Class:  4.00 MB
       Class:  3.75 MB
        Both:  7.74 MB

MaxMetaspaceSize: 17179869184.00 GB
CompressedClassSpaceSize: 1.00 GB
 - commit_granule_bytes: 65536.
 - commit_granule_words: 8192.
 - virtual_space_node_default_size: 1048576.
 - enlarge_chunks_in_place: 1.
 - new_chunks_are_fully_committed: 0.
 - uncommit_free_chunks: 1.
 - use_allocation_guard: 0.
 - handle_deallocations: 1.


Internal statistics:

num_allocs_failed_limit: 0.
num_arena_births: 6.
num_arena_deaths: 0.
num_vsnodes_births: 2.
num_vsnodes_deaths: 0.
num_space_committed: 12.
num_space_uncommitted: 0.
num_chunks_returned_to_freelist: 0.
num_chunks_taken_from_freelist: 7.
num_chunk_merges: 0.
num_chunk_splits: 4.
num_chunks_enlarged: 2.
num_purges: 0.

CodeHeap 'non-profiled nmethods': size=120000Kb used=59Kb max_used=59Kb free=119941Kb
 bounds [0x0000016587ad0000, 0x0000016587d40000, 0x000001658f000000]
CodeHeap 'profiled nmethods': size=120000Kb used=188Kb max_used=188Kb free=119812Kb
 bounds [0x00000165805a0000, 0x0000016580810000, 0x0000016587ad0000]
CodeHeap 'non-nmethods': size=5760Kb used=1109Kb max_used=1120Kb free=4650Kb
 bounds [0x0000016580000000, 0x0000016580270000, 0x00000165805a0000]
 total_blobs=565 nmethods=181 adapters=299
 compilation: enabled
              stopped_count=0, restarted_count=0
 full_count=0

Compilation events (20 events):
Event: 0.366 Thread 0x00000165fae31120 nmethod 170 0x0000016587adc710 code [0x0000016587adc8a0, 0x0000016587adc978]
Event: 0.367 Thread 0x00000165fae31120  171       3       jdk.internal.org.objectweb.asm.SymbolTable::get (13 bytes)
Event: 0.368 Thread 0x00000165fae31120 nmethod 171 0x00000165805cc610 code [0x00000165805cc7a0, 0x00000165805cc8f8]
Event: 0.368 Thread 0x00000165fae31120  172       3       java.lang.AbstractStringBuilder::putStringAt (34 bytes)
Event: 0.368 Thread 0x00000165fae31120 nmethod 172 0x00000165805cca10 code [0x00000165805ccbe0, 0x00000165805ccef8]
Event: 0.368 Thread 0x00000165fae31120  173       3       java.lang.AbstractStringBuilder::getCoder (15 bytes)
Event: 0.368 Thread 0x00000165fae31120 nmethod 173 0x00000165805cd090 code [0x00000165805cd220, 0x00000165805cd358]
Event: 0.368 Thread 0x00000165fae31120  174       3       java.lang.String::getBytes (46 bytes)
Event: 0.368 Thread 0x00000165fae31120 nmethod 174 0x00000165805cd410 code [0x00000165805cd5e0, 0x00000165805cd8f8]
Event: 0.368 Thread 0x00000165fae31120  176       3       java.lang.invoke.MemberName::testAllFlags (7 bytes)
Event: 0.368 Thread 0x00000165fae31120 nmethod 176 0x00000165805cda10 code [0x00000165805cdbc0, 0x00000165805cdd98]
Event: 0.368 Thread 0x00000165fae31120  178       3       java.lang.AbstractStringBuilder::putStringAt (12 bytes)
Event: 0.369 Thread 0x00000165fae31120 nmethod 178 0x00000165805cde90 code [0x00000165805ce040, 0x00000165805ce288]
Event: 0.369 Thread 0x00000165fae31120  175       3       java.lang.String::substring (58 bytes)
Event: 0.369 Thread 0x00000165fae31120 nmethod 175 0x00000165805ce410 code [0x00000165805ce600, 0x00000165805ceaa8]
Event: 0.369 Thread 0x00000165fae31120  177       1       java.lang.Class::getModule (5 bytes)
Event: 0.369 Thread 0x00000165fae31120 nmethod 177 0x0000016587adca10 code [0x0000016587adcba0, 0x0000016587adcc78]
Event: 0.370 Thread 0x00000165fae31120  179       3       jdk.internal.org.objectweb.asm.SymbolTable::hash (10 bytes)
Event: 0.370 Thread 0x00000165fae31120 nmethod 179 0x00000165805cec90 code [0x00000165805cee40, 0x00000165805cef68]
Event: 0.370 Thread 0x00000165fae31120  180       3       jdk.internal.org.objectweb.asm.ByteVector::putUTF8 (144 bytes)

GC Heap History (0 events):
No events

Deoptimization events (0 events):
No events

Classes unloaded (0 events):
No events

Classes redefined (0 events):
No events

Internal exceptions (1 events):
Event: 0.326 Thread 0x00000165f14e0e60 Exception <a 'java/lang/NoSuchMethodError'{0x00000000eac9fd78}: 'void java.lang.invoke.DirectMethodHandle$Holder.invokeStatic(java.lang.Object, java.lang.Object, java.lang.Object)'> (0x00000000eac9fd78) 
thrown [t:\workspace\open\src\hotspot\share\interpreter\linkResolver.cpp, line 790]

Events (20 events):
Event: 0.102 Thread 0x00000165fae0e350 Thread added: 0x00000165fae0e350
Event: 0.103 Thread 0x00000165fae11330 Thread added: 0x00000165fae11330
Event: 0.138 loading class sun/nio/cs/UTF_8$Encoder
Event: 0.139 loading class sun/nio/cs/UTF_8$Encoder done
Event: 0.141 Thread 0x00000165fae1f490 Thread added: 0x00000165fae1f490
Event: 0.141 Thread 0x00000165fae20150 Thread added: 0x00000165fae20150
Event: 0.142 Thread 0x00000165fae21b60 Thread added: 0x00000165fae21b60
Event: 0.144 Thread 0x00000165fae22560 Thread added: 0x00000165fae22560
Event: 0.145 Thread 0x00000165fae28b40 Thread added: 0x00000165fae28b40
Event: 0.152 Thread 0x00000165fae31120 Thread added: 0x00000165fae31120
Event: 0.155 Thread 0x00000165fae35030 Thread added: 0x00000165fae35030
Event: 0.288 Thread 0x00000165fd5bed20 Thread added: 0x00000165fd5bed20
Event: 0.332 Executing  VM operation: HandshakeAllThreads
Event: 0.332 Executing  VM operation: HandshakeAllThreads done
Event: 0.369 loading class java/lang/WeakPairMap$Pair$Weak
Event: 0.369 loading class java/lang/WeakPairMap$WeakRefPeer
Event: 0.369 loading class java/lang/WeakPairMap$WeakRefPeer done
Event: 0.369 loading class java/lang/WeakPairMap$Pair$Weak done
Event: 0.369 loading class java/lang/WeakPairMap$Pair$Weak$1
Event: 0.369 loading class java/lang/WeakPairMap$Pair$Weak$1 done


Dynamic libraries:
0x00007ff6c92e0000 - 0x00007ff6c92f0000 	C:\Program Files\Java\jdk-16.0.1\bin\java.exe
0x00007ffa0fde0000 - 0x00007ffa0ffe7000 	C:\WINDOWS\SYSTEM32\ntdll.dll
0x00007ffa0e480000 - 0x00007ffa0e53d000 	C:\WINDOWS\System32\KERNEL32.DLL
0x00007ffa0d640000 - 0x00007ffa0d9b4000 	C:\WINDOWS\System32\KERNELBASE.dll
0x00007ffa0d9c0000 - 0x00007ffa0dad1000 	C:\WINDOWS\System32\ucrtbase.dll
0x00007ffa0a910000 - 0x00007ffa0a928000 	C:\Program Files\Java\jdk-16.0.1\bin\jli.dll
0x00007ffa0e060000 - 0x00007ffa0e10c000 	C:\WINDOWS\System32\ADVAPI32.dll
0x00007ffa0fa60000 - 0x00007ffa0fb03000 	C:\WINDOWS\System32\msvcrt.dll
0x00007ffa0e980000 - 0x00007ffa0ea1d000 	C:\WINDOWS\System32\sechost.dll
0x00007ff9fb110000 - 0x00007ff9fb129000 	C:\Program Files\Java\jdk-16.0.1\bin\VCRUNTIME140.dll
0x00007ffa0e230000 - 0x00007ffa0e351000 	C:\WINDOWS\System32\RPCRT4.dll
0x00007ffa0f870000 - 0x00007ffa0fa1c000 	C:\WINDOWS\System32\USER32.dll
0x00007ff9f30f0000 - 0x00007ff9f3395000 	C:\WINDOWS\WinSxS\amd64_microsoft.windows.common-controls_6595b64144ccf1df_6.0.22000.120_none_9d947278b86cc467\COMCTL32.dll
0x00007ffa0d610000 - 0x00007ffa0d636000 	C:\WINDOWS\System32\win32u.dll
0x00007ffa0fc00000 - 0x00007ffa0fc29000 	C:\WINDOWS\System32\GDI32.dll
0x00007ffa0d2c0000 - 0x00007ffa0d3d2000 	C:\WINDOWS\System32\gdi32full.dll
0x00007ffa0db60000 - 0x00007ffa0dbfd000 	C:\WINDOWS\System32\msvcp_win.dll
0x00007ff9fdb90000 - 0x00007ff9fdb9a000 	C:\WINDOWS\SYSTEM32\VERSION.dll
0x00007ffa0fa20000 - 0x00007ffa0fa51000 	C:\WINDOWS\System32\IMM32.DLL
0x00007ff9fead0000 - 0x00007ff9feadc000 	C:\Program Files\Java\jdk-16.0.1\bin\vcruntime140_1.dll
0x00007ff9c9cf0000 - 0x00007ff9c9d81000 	C:\Program Files\Java\jdk-16.0.1\bin\msvcp140.dll
0x00007ff9c2bd0000 - 0x00007ff9c377b000 	C:\Program Files\Java\jdk-16.0.1\bin\server\jvm.dll
0x00007ffa0e220000 - 0x00007ffa0e228000 	C:\WINDOWS\System32\PSAPI.DLL
0x00007ff9fe930000 - 0x00007ff9fe939000 	C:\WINDOWS\SYSTEM32\WSOCK32.dll
0x00007ffa0de50000 - 0x00007ffa0debf000 	C:\WINDOWS\System32\WS2_32.dll
0x00007ff9fc3e0000 - 0x00007ff9fc413000 	C:\WINDOWS\SYSTEM32\WINMM.dll
0x00007ffa0c3a0000 - 0x00007ffa0c3b8000 	C:\WINDOWS\SYSTEM32\kernel.appcore.dll
0x00007ff9fe840000 - 0x00007ff9fe84a000 	C:\Program Files\Java\jdk-16.0.1\bin\jimage.dll
0x00007ffa0ad30000 - 0x00007ffa0af51000 	C:\WINDOWS\SYSTEM32\DBGHELP.DLL
0x00007ff9fe800000 - 0x00007ff9fe831000 	C:\WINDOWS\SYSTEM32\dbgcore.DLL
0x00007ffa0dae0000 - 0x00007ffa0db5f000 	C:\WINDOWS\System32\bcryptPrimitives.dll
0x00007ff9ebbe0000 - 0x00007ff9ebc05000 	C:\Program Files\Java\jdk-16.0.1\bin\java.dll
0x00007ffa0ec50000 - 0x00007ffa0f3fe000 	C:\WINDOWS\System32\SHELL32.dll
0x00007ffa0b420000 - 0x00007ffa0bc87000 	C:\WINDOWS\SYSTEM32\windows.storage.dll
0x00007ffa0e540000 - 0x00007ffa0e8b8000 	C:\WINDOWS\System32\combase.dll
0x00007ffa0b2b0000 - 0x00007ffa0b416000 	C:\WINDOWS\SYSTEM32\wintypes.dll
0x00007ffa0fb10000 - 0x00007ffa0fbfa000 	C:\WINDOWS\System32\SHCORE.dll
0x00007ffa0ea80000 - 0x00007ffa0eadd000 	C:\WINDOWS\System32\shlwapi.dll
0x00007ffa0d1f0000 - 0x00007ffa0d211000 	C:\WINDOWS\SYSTEM32\profapi.dll
0x00007ff9fa970000 - 0x00007ff9fa989000 	C:\Program Files\Java\jdk-16.0.1\bin\net.dll
0x00007ff9fda80000 - 0x00007ff9fdb8c000 	C:\WINDOWS\SYSTEM32\WINHTTP.dll
0x00007ffa0c7b0000 - 0x00007ffa0c817000 	C:\WINDOWS\system32\mswsock.dll
0x00007ff9f3680000 - 0x00007ff9f3693000 	C:\Program Files\Java\jdk-16.0.1\bin\nio.dll
0x00007ff9e7990000 - 0x00007ff9e79a8000 	C:\Program Files\Java\jdk-16.0.1\bin\zip.dll

dbghelp: loaded successfully - version: 4.0.5 - missing functions: none
symbol engine: initialized successfully - sym options: 0x614 - pdb path: .;C:\Program Files\Java\jdk-16.0.1\bin;C:\WINDOWS\SYSTEM32;C:\WINDOWS\WinSxS\amd64_microsoft.windows.common-controls_6595b64144ccf1df_6.0.22000.120_none_9d947278b86cc467;C:\Program Files\Java\jdk-16.0.1\bin\server

VM Arguments:
jvm_args: --add-modules=ALL-SYSTEM --add-opens=java.base/java.util=ALL-UNNAMED --add-opens=java.base/java.lang=ALL-UNNAMED -Declipse.application=org.eclipse.jdt.ls.core.id1 -Dosgi.bundles.defaultStartLevel=4 -Declipse.product=org.eclipse.jdt.ls.core.product -Dfile.encoding=utf8 -DwatchParentProcess=false -XX:+UseParallelGC -XX:GCTimeRatio=4 -XX:AdaptiveSizePolicyWeight=90 -Dsun.zip.disableMemoryMapping=true -Xmx1G -Xms100m 
java_command: c:\Users\vmpar\.vscode\extensions\redhat.java-0.82.0\server\plugins\org.eclipse.equinox.launcher_1.6.300.v20210813-1054.jar -configuration c:\Users\vmpar\AppData\Roaming\Code\User\globalStorage\redhat.java\0.82.0\config_win -data c:\Users\vmpar\AppData\Roaming\Code\User\workspaceStorage\f91ab67ca1074442cb113416d73d0c17\redhat.java\jdt_ws
java_class_path (initial): c:\Users\vmpar\.vscode\extensions\redhat.java-0.82.0\server\plugins\org.eclipse.equinox.launcher_1.6.300.v20210813-1054.jar
Launcher Type: SUN_STANDARD

[Global flags]
    uintx AdaptiveSizePolicyWeight                 = 90                                        {product} {command line}
     intx CICompilerCount                          = 4                                         {product} {ergonomic}
    uintx GCTimeRatio                              = 4                                         {product} {command line}
   size_t InitialHeapSize                          = 104857600                                 {product} {command line}
   size_t MaxHeapSize                              = 1073741824                                {product} {command line}
   size_t MaxNewSize                               = 357564416                                 {product} {ergonomic}
   size_t MinHeapDeltaBytes                        = 524288                                    {product} {ergonomic}
   size_t MinHeapSize                              = 104857600                                 {product} {command line}
   size_t NewSize                                  = 34603008                                  {product} {ergonomic}
    uintx NonNMethodCodeHeapSize                   = 5839372                                {pd product} {ergonomic}
    uintx NonProfiledCodeHeapSize                  = 122909434                              {pd product} {ergonomic}
   size_t OldSize                                  = 70254592                                  {product} {ergonomic}
    uintx ProfiledCodeHeapSize                     = 122909434                              {pd product} {ergonomic}
    uintx ReservedCodeCacheSize                    = 251658240                              {pd product} {ergonomic}
     bool SegmentedCodeCache                       = true                                      {product} {ergonomic}
   size_t SoftMaxHeapSize                          = 1073741824                             {manageable} {ergonomic}
     bool UseCompressedClassPointers               = true                           {product lp64_product} {ergonomic}
     bool UseCompressedOops                        = true                           {product lp64_product} {ergonomic}
     bool UseLargePagesIndividualAllocation        = false                                  {pd product} {ergonomic}
     bool UseParallelGC                            = true                                      {product} {command line}

Logging:
Log output configuration:
 #0: stdout all=warning uptime,level,tags
 #1: stderr all=off uptime,level,tags

Environment Variables:
PATH=C:\Program Files\Common Files\Oracle\Java\javapath;C:\Program Files (x86)\Common Files\Oracle\Java\javapath;C:\Program Files\Python38\Scripts\;C:\Program Files\Python38\;C:\Windows\system32;C:\Program Files\Java\jdk-16.0.1\bin;C:\Windows\System32\Wbem;C:\Windows\System32\WindowsPowerShell\v1.0\;C:\Windows\System32\OpenSSH\;C:\Users\vmpar\AppData\Local\Microsoft\WindowsApps;C:\adb;C:\Program Files\Java\jdk-13.0.1\bin;C:\Program Files\Java\jre1.8.0_221\bin;C:\Program Files\CodeBlocks\MinGW\bin;C:\Program Files\CodeBlocks\share\CodeBlocks\compilers;C:\WINDOWS\system32;C:\WINDOWS;C:\WINDOWS\System32\Wbem;C:\WINDOWS\System32\WindowsPowerShell\v1.0\;C:\WINDOWS\System32\OpenSSH\;C:\Program Files\nodejs\;C:\Program Files\Git\cmd;C:\MinGW\bin;C:\Program Files\GnuWin32\bin;C:\Users\vmpar\AppData\Local\Programs\Python\Python35\Scripts\;C:\Users\vmpar\AppData\Local\Programs\Python\Python35\;C:\Program Files\MySQL\MySQL Shell 8.0\bin\;C:\Users\vmpar\AppData\Local\Microsoft\WindowsApps;C:\Program Files\JetBrains\PyCharm Community Edition 2020.1.3\bin;C:\Users\vmpar\AppData\Local\GitHubDesktop\bin;C:\Users\vmpar\AppData\Local\Microsoft\WindowsApps;C:\Users\vmpar\AppData\Local\atom\bin;C:\Program Files\JetBrains\IntelliJ IDEA Community Edition 2020.2.3\bin;;D:\Tools\flutter\bin;C:\Users\vmpar\AppData\Local\Programs\Microsoft VS Code\bin;C:\Users\vmpar\AppData\Roaming\npm;C:\Users\vmpar\AppData\Local\Programs\MiKTeX\miktex\bin\x64\;
USERNAME=vmpar
OS=Windows_NT
PROCESSOR_IDENTIFIER=Intel64 Family 6 Model 142 Stepping 12, GenuineIntel



---------------  S Y S T E M  ---------------

OS:
 Windows 10 , 64 bit Build 22000 (10.0.22000.318)
OS uptime: 1 days 3:55 hours
Hyper-V role detected

CPU: total 8 (initial active 8) (4 cores per cpu, 2 threads per core) family 6 model 142 stepping 12 microcode 0xde, cx8, cmov, fxsr, ht, mmx, 3dnowpref, sse, sse2, sse3, ssse3, sse4.1, sse4.2, popcnt, lzcnt, tsc, tscinvbit, avx, avx2, aes, erms, clmul, bmi1, bmi2, adx, fma, vzeroupper, clflush, clflushopt, hv

Memory: 4k page, system-wide physical 8043M (302M free)
TotalPageFile size 32619M (AvailPageFile size 35M)
current process WorkingSet (physical memory assigned to process): 31M, peak: 31M
current process commit charge ("private bytes"): 191M, peak: 191M

vm_info: Java HotSpot(TM) 64-Bit Server VM (16.0.1+9-24) for windows-amd64 JRE (16.0.1+9-24), built on Mar 26 2021 19:31:42 by "mach5one" with MS VC++ 16.7 (VS2019)

END.
